<?xml version="1.0" encoding="UTF-8"?>
<testng-results skipped="0" failed="1" total="1" passed="0">
  <reporter-output>
  </reporter-output>
  <suite name="HRM Test Suite" duration-ms="4611" started-at="2021-04-29T11:31:08Z" finished-at="2021-04-29T11:31:12Z">
    <groups>
    </groups>
    <test name="Pending Leave Request Test Case" duration-ms="4611" started-at="2021-04-29T11:31:08Z" finished-at="2021-04-29T11:31:12Z">
      <class name="testCases.TestPendingLeaveRequest">
        <test-method status="PASS" signature="launchBrowser()[pri:0, instance:testCases.TestPendingLeaveRequest@357246de]" name="launchBrowser" is-config="true" duration-ms="4083" started-at="2021-04-29T13:31:04Z" finished-at="2021-04-29T13:31:08Z">
          <reporter-output>
          </reporter-output>
        </test-method> <!-- launchBrowser -->
        <test-method status="FAIL" signature="verifyPendingLeaveRequests()[pri:0, instance:testCases.TestPendingLeaveRequest@357246de]" name="verifyPendingLeaveRequests" duration-ms="4608" started-at="2021-04-29T13:31:08Z" finished-at="2021-04-29T13:31:12Z">
          <exception class="java.lang.AssertionError">
            <message>
              <![CDATA[expected [No Records are Available] but found [01. Manali Kulkarni 2021-04-20]]]>
            </message>
            <full-stacktrace>
              <![CDATA[java.lang.AssertionError: expected [No Records are Available] but found [01. Manali Kulkarni 2021-04-20]
	at org.testng.Assert.fail(Assert.java:94)
	at org.testng.Assert.failNotEquals(Assert.java:513)
	at org.testng.Assert.assertEqualsImpl(Assert.java:135)
	at org.testng.Assert.assertEquals(Assert.java:116)
	at org.testng.Assert.assertEquals(Assert.java:190)
	at org.testng.Assert.assertEquals(Assert.java:200)
	at testCases.TestPendingLeaveRequest.verifyPendingLeaveRequests(TestPendingLeaveRequest.java:49)
	at sun.reflect.NativeMethodAccessorImpl.invoke0(Native Method)
	at sun.reflect.NativeMethodAccessorImpl.invoke(NativeMethodAccessorImpl.java:62)
	at sun.reflect.DelegatingMethodAccessorImpl.invoke(DelegatingMethodAccessorImpl.java:43)
	at java.lang.reflect.Method.invoke(Method.java:498)
	at org.testng.internal.MethodInvocationHelper.invokeMethod(MethodInvocationHelper.java:86)
	at org.testng.internal.Invoker.invokeMethod(Invoker.java:645)
	at org.testng.internal.Invoker.invokeTestMethod(Invoker.java:822)
	at org.testng.internal.Invoker.invokeTestMethods(Invoker.java:1130)
	at org.testng.internal.TestMethodWorker.invokeTestMethods(TestMethodWorker.java:129)
	at org.testng.internal.TestMethodWorker.run(TestMethodWorker.java:112)
	at org.testng.TestRunner.privateRun(TestRunner.java:782)
	at org.testng.TestRunner.run(TestRunner.java:632)
	at org.testng.SuiteRunner.runTest(SuiteRunner.java:366)
	at org.testng.SuiteRunner.runSequentially(SuiteRunner.java:361)
	at org.testng.SuiteRunner.privateRun(SuiteRunner.java:319)
	at org.testng.SuiteRunner.run(SuiteRunner.java:268)
	at org.testng.SuiteRunnerWorker.runSuite(SuiteRunnerWorker.java:52)
	at org.testng.SuiteRunnerWorker.run(SuiteRunnerWorker.java:86)
	at org.testng.TestNG.runSuitesSequentially(TestNG.java:1244)
	at org.testng.TestNG.runSuitesLocally(TestNG.java:1169)
	at org.testng.TestNG.run(TestNG.java:1064)
	at org.testng.remote.RemoteTestNG.run(RemoteTestNG.java:113)
	at org.testng.remote.RemoteTestNG.initAndRun(RemoteTestNG.java:206)
	at org.testng.remote.RemoteTestNG.main(RemoteTestNG.java:177)
]]>
            </full-stacktrace>
          </exception> <!-- java.lang.AssertionError -->
          <reporter-output>
          </reporter-output>
        </test-method> <!-- verifyPendingLeaveRequests -->
        <test-method status="PASS" signature="tearDown()[pri:0, instance:testCases.TestPendingLeaveRequest@357246de]" name="tearDown" is-config="true" duration-ms="1473" started-at="2021-04-29T13:31:12Z" finished-at="2021-04-29T13:31:14Z">
          <reporter-output>
          </reporter-output>
        </test-method> <!-- tearDown -->
      </class> <!-- testCases.TestPendingLeaveRequest -->
    </test> <!-- Pending Leave Request Test Case -->
  </suite> <!-- HRM Test Suite -->
</testng-results>
